<?xml version="1.0" encoding="UTF-8"?>
<coverage generated="1606063514">
  <project timestamp="1606063514">
    <file name="C:\Users\33605\Desktop\Adil\Wamp Server\T-Boileau\Defi_2-ProducteursAuConsommateur\producteurauconsomateur.com\src\Controller\SecurityController.php">
      <class name="App\Controller\SecurityController" namespace="global">
        <metrics complexity="6" methods="3" coveredmethods="2" conditionals="0" coveredconditionals="0" statements="16" coveredstatements="15" elements="19" coveredelements="17"/>
      </class>
      <line num="33" type="method" name="registration" visibility="public" complexity="4" crap="4" count="2"/>
      <line num="38" type="stmt" count="2"/>
      <line num="39" type="stmt" count="2"/>
      <line num="41" type="stmt" count="2"/>
      <line num="43" type="stmt" count="2"/>
      <line num="44" type="stmt" count="2"/>
      <line num="45" type="stmt" count="2"/>
      <line num="47" type="stmt" count="2"/>
      <line num="48" type="stmt" count="2"/>
      <line num="49" type="stmt" count="2"/>
      <line num="50" type="stmt" count="2"/>
      <line num="53" type="stmt" count="2"/>
      <line num="54" type="stmt" count="2"/>
      <line num="64" type="method" name="login" visibility="public" complexity="1" crap="1" count="2"/>
      <line num="66" type="stmt" count="2"/>
      <line num="67" type="stmt" count="2"/>
      <line num="68" type="stmt" count="2"/>
      <line num="78" type="method" name="logout" visibility="public" complexity="1" crap="2" count="0"/>
      <line num="81" type="stmt" count="0"/>
      <metrics loc="82" ncloc="57" classes="1" methods="3" coveredmethods="2" conditionals="0" coveredconditionals="0" statements="16" coveredstatements="15" elements="19" coveredelements="17"/>
    </file>
    <file name="C:\Users\33605\Desktop\Adil\Wamp Server\T-Boileau\Defi_2-ProducteursAuConsommateur\producteurauconsomateur.com\src\DataFixtures\AppFixtures.php">
      <class name="App\DataFixtures\AppFixtures" namespace="global">
        <metrics complexity="1" methods="1" coveredmethods="0" conditionals="0" coveredconditionals="0" statements="2" coveredstatements="0" elements="3" coveredelements="0"/>
      </class>
      <line num="10" type="method" name="load" visibility="public" complexity="1" crap="2" count="0"/>
      <line num="15" type="stmt" count="0"/>
      <line num="16" type="stmt" count="0"/>
      <metrics loc="17" ncloc="15" classes="1" methods="1" coveredmethods="0" conditionals="0" coveredconditionals="0" statements="2" coveredstatements="0" elements="3" coveredelements="0"/>
    </file>
    <file name="C:\Users\33605\Desktop\Adil\Wamp Server\T-Boileau\Defi_2-ProducteursAuConsommateur\producteurauconsomateur.com\src\DataFixtures\UserFixtures.php">
      <class name="App\DataFixtures\UserFixtures" namespace="global">
        <metrics complexity="2" methods="2" coveredmethods="0" conditionals="0" coveredconditionals="0" statements="18" coveredstatements="0" elements="20" coveredelements="0"/>
      </class>
      <line num="23" type="method" name="__construct" visibility="public" complexity="1" crap="2" count="0"/>
      <line num="25" type="stmt" count="0"/>
      <line num="26" type="stmt" count="0"/>
      <line num="28" type="method" name="load" visibility="public" complexity="1" crap="2" count="0"/>
      <line num="30" type="stmt" count="0"/>
      <line num="31" type="stmt" count="0"/>
      <line num="32" type="stmt" count="0"/>
      <line num="33" type="stmt" count="0"/>
      <line num="34" type="stmt" count="0"/>
      <line num="35" type="stmt" count="0"/>
      <line num="36" type="stmt" count="0"/>
      <line num="38" type="stmt" count="0"/>
      <line num="39" type="stmt" count="0"/>
      <line num="40" type="stmt" count="0"/>
      <line num="41" type="stmt" count="0"/>
      <line num="42" type="stmt" count="0"/>
      <line num="43" type="stmt" count="0"/>
      <line num="44" type="stmt" count="0"/>
      <line num="46" type="stmt" count="0"/>
      <line num="47" type="stmt" count="0"/>
      <metrics loc="48" ncloc="41" classes="1" methods="2" coveredmethods="0" conditionals="0" coveredconditionals="0" statements="18" coveredstatements="0" elements="20" coveredelements="0"/>
    </file>
    <file name="C:\Users\33605\Desktop\Adil\Wamp Server\T-Boileau\Defi_2-ProducteursAuConsommateur\producteurauconsomateur.com\src\Doctrine\UuidType.php">
      <class name="App\Doctrine\UuidType" namespace="global">
        <metrics complexity="13" methods="3" coveredmethods="0" conditionals="0" coveredconditionals="0" statements="17" coveredstatements="8" elements="20" coveredelements="8"/>
      </class>
      <line num="21" type="method" name="getName" visibility="public" complexity="1" crap="2" count="0"/>
      <line num="23" type="stmt" count="0"/>
      <line num="26" type="method" name="convertToPHPValue" visibility="public" complexity="5" crap="8.12" count="2"/>
      <line num="28" type="stmt" count="2"/>
      <line num="29" type="stmt" count="0"/>
      <line num="32" type="stmt" count="2"/>
      <line num="33" type="stmt" count="0"/>
      <line num="37" type="stmt" count="2"/>
      <line num="38" type="stmt" count="0"/>
      <line num="39" type="stmt" count="0"/>
      <line num="42" type="stmt" count="2"/>
      <line num="45" type="method" name="convertToDatabaseValue" visibility="public" complexity="7" crap="13.12" count="2"/>
      <line num="47" type="stmt" count="2"/>
      <line num="48" type="stmt" count="0"/>
      <line num="52" type="stmt" count="2"/>
      <line num="54" type="stmt" count="0"/>
      <line num="55" type="stmt" count="0"/>
      <line num="56" type="stmt" count="2"/>
      <line num="59" type="stmt" count="2"/>
      <line num="62" type="stmt" count="0"/>
      <metrics loc="64" ncloc="60" classes="1" methods="3" coveredmethods="0" conditionals="0" coveredconditionals="0" statements="17" coveredstatements="8" elements="20" coveredelements="8"/>
    </file>
    <file name="C:\Users\33605\Desktop\Adil\Wamp Server\T-Boileau\Defi_2-ProducteursAuConsommateur\producteurauconsomateur.com\src\Entity\Customer.php">
      <class name="App\Entity\Customer" namespace="global">
        <metrics complexity="1" methods="1" coveredmethods="1" conditionals="0" coveredconditionals="0" statements="1" coveredstatements="1" elements="2" coveredelements="2"/>
      </class>
      <line num="18" type="method" name="getRoles" visibility="public" complexity="1" crap="1" count="1"/>
      <line num="20" type="stmt" count="1"/>
      <metrics loc="22" ncloc="17" classes="1" methods="1" coveredmethods="1" conditionals="0" coveredconditionals="0" statements="1" coveredstatements="1" elements="2" coveredelements="2"/>
    </file>
    <file name="C:\Users\33605\Desktop\Adil\Wamp Server\T-Boileau\Defi_2-ProducteursAuConsommateur\producteurauconsomateur.com\src\Entity\Producer.php">
      <class name="App\Entity\Producer" namespace="global">
        <metrics complexity="1" methods="1" coveredmethods="1" conditionals="0" coveredconditionals="0" statements="1" coveredstatements="1" elements="2" coveredelements="2"/>
      </class>
      <line num="18" type="method" name="getRoles" visibility="public" complexity="1" crap="1" count="1"/>
      <line num="20" type="stmt" count="1"/>
      <metrics loc="22" ncloc="17" classes="1" methods="1" coveredmethods="1" conditionals="0" coveredconditionals="0" statements="1" coveredstatements="1" elements="2" coveredelements="2"/>
    </file>
    <file name="C:\Users\33605\Desktop\Adil\Wamp Server\T-Boileau\Defi_2-ProducteursAuConsommateur\producteurauconsomateur.com\src\Entity\User.php">
      <class name="App\Entity\User" namespace="global">
        <metrics complexity="18" methods="18" coveredmethods="14" conditionals="0" coveredconditionals="0" statements="27" coveredstatements="22" elements="45" coveredelements="36"/>
      </class>
      <line num="69" type="method" name="__construct" visibility="public" complexity="1" crap="1" count="2"/>
      <line num="71" type="stmt" count="2"/>
      <line num="72" type="stmt" count="2"/>
      <line num="77" type="method" name="getPlainPassword" visibility="public" complexity="1" crap="1" count="2"/>
      <line num="79" type="stmt" count="2"/>
      <line num="87" type="method" name="setPlainPassword" visibility="public" complexity="1" crap="1" count="2"/>
      <line num="89" type="stmt" count="2"/>
      <line num="91" type="stmt" count="2"/>
      <line num="97" type="method" name="getRegistredDate" visibility="public" complexity="1" crap="2" count="0"/>
      <line num="99" type="stmt" count="0"/>
      <line num="107" type="method" name="setRegistredDate" visibility="public" complexity="1" crap="2" count="0"/>
      <line num="109" type="stmt" count="0"/>
      <line num="111" type="stmt" count="0"/>
      <line num="117" type="method" name="getId" visibility="public" complexity="1" crap="2" count="0"/>
      <line num="119" type="stmt" count="0"/>
      <line num="127" type="method" name="setId" visibility="public" complexity="1" crap="1" count="2"/>
      <line num="129" type="stmt" count="2"/>
      <line num="131" type="stmt" count="2"/>
      <line num="137" type="method" name="getFirstName" visibility="public" complexity="1" crap="1" count="2"/>
      <line num="139" type="stmt" count="2"/>
      <line num="147" type="method" name="setFirstName" visibility="public" complexity="1" crap="1" count="2"/>
      <line num="149" type="stmt" count="2"/>
      <line num="151" type="stmt" count="2"/>
      <line num="157" type="method" name="getLastName" visibility="public" complexity="1" crap="1" count="2"/>
      <line num="159" type="stmt" count="2"/>
      <line num="167" type="method" name="setLastName" visibility="public" complexity="1" crap="1" count="2"/>
      <line num="169" type="stmt" count="2"/>
      <line num="171" type="stmt" count="2"/>
      <line num="177" type="method" name="getEmail" visibility="public" complexity="1" crap="1" count="2"/>
      <line num="179" type="stmt" count="2"/>
      <line num="187" type="method" name="setEmail" visibility="public" complexity="1" crap="1" count="2"/>
      <line num="189" type="stmt" count="2"/>
      <line num="191" type="stmt" count="2"/>
      <line num="197" type="method" name="getPassword" visibility="public" complexity="1" crap="1" count="2"/>
      <line num="199" type="stmt" count="2"/>
      <line num="207" type="method" name="setPassword" visibility="public" complexity="1" crap="1" count="2"/>
      <line num="209" type="stmt" count="2"/>
      <line num="211" type="stmt" count="2"/>
      <line num="214" type="method" name="getSalt" visibility="public" complexity="1" crap="1" count="4"/>
      <line num="216" type="stmt" count="4"/>
      <line num="218" type="method" name="getUsername" visibility="public" complexity="1" crap="2" count="0"/>
      <line num="220" type="stmt" count="0"/>
      <line num="223" type="method" name="eraseCredentials" visibility="public" complexity="1" crap="1" count="2"/>
      <line num="225" type="stmt" count="2"/>
      <line num="226" type="stmt" count="2"/>
      <metrics loc="227" ncloc="132" classes="1" methods="18" coveredmethods="14" conditionals="0" coveredconditionals="0" statements="27" coveredstatements="22" elements="45" coveredelements="36"/>
    </file>
    <file name="C:\Users\33605\Desktop\Adil\Wamp Server\T-Boileau\Defi_2-ProducteursAuConsommateur\producteurauconsomateur.com\src\Form\RegistrationType.php">
      <class name="App\Form\RegistrationType" namespace="global">
        <metrics complexity="2" methods="2" coveredmethods="2" conditionals="0" coveredconditionals="0" statements="7" coveredstatements="7" elements="9" coveredelements="9"/>
      </class>
      <line num="21" type="method" name="buildForm" visibility="public" complexity="1" crap="1" count="2"/>
      <line num="24" type="stmt" count="2"/>
      <line num="25" type="stmt" count="2"/>
      <line num="26" type="stmt" count="2"/>
      <line num="27" type="stmt" count="2"/>
      <line num="28" type="stmt" count="2"/>
      <line num="30" type="method" name="configureOptions" visibility="public" complexity="1" crap="1" count="2"/>
      <line num="32" type="stmt" count="2"/>
      <line num="33" type="stmt" count="2"/>
      <metrics loc="34" ncloc="30" classes="1" methods="2" coveredmethods="2" conditionals="0" coveredconditionals="0" statements="7" coveredstatements="7" elements="9" coveredelements="9"/>
    </file>
    <file name="C:\Users\33605\Desktop\Adil\Wamp Server\T-Boileau\Defi_2-ProducteursAuConsommateur\producteurauconsomateur.com\src\Kernel.php">
      <class name="App\Kernel" namespace="global">
        <metrics complexity="6" methods="2" coveredmethods="0" conditionals="0" coveredconditionals="0" statements="15" coveredstatements="0" elements="17" coveredelements="0"/>
      </class>
      <line num="14" type="method" name="configureContainer" visibility="protected" complexity="3" crap="12" count="0"/>
      <line num="16" type="stmt" count="0"/>
      <line num="17" type="stmt" count="0"/>
      <line num="19" type="stmt" count="0"/>
      <line num="20" type="stmt" count="0"/>
      <line num="21" type="stmt" count="0"/>
      <line num="22" type="stmt" count="0"/>
      <line num="23" type="stmt" count="0"/>
      <line num="25" type="stmt" count="0"/>
      <line num="27" type="method" name="configureRoutes" visibility="protected" complexity="3" crap="12" count="0"/>
      <line num="29" type="stmt" count="0"/>
      <line num="30" type="stmt" count="0"/>
      <line num="32" type="stmt" count="0"/>
      <line num="33" type="stmt" count="0"/>
      <line num="34" type="stmt" count="0"/>
      <line num="35" type="stmt" count="0"/>
      <line num="37" type="stmt" count="0"/>
      <metrics loc="38" ncloc="38" classes="1" methods="2" coveredmethods="0" conditionals="0" coveredconditionals="0" statements="15" coveredstatements="0" elements="17" coveredelements="0"/>
    </file>
    <file name="C:\Users\33605\Desktop\Adil\Wamp Server\T-Boileau\Defi_2-ProducteursAuConsommateur\producteurauconsomateur.com\src\Security\Guard\WebAuthenticator.php">
      <class name="App\Security\Guard\WebAuthenticator" namespace="global">
        <metrics complexity="11" methods="8" coveredmethods="6" conditionals="0" coveredconditionals="0" statements="26" coveredstatements="23" elements="34" coveredelements="29"/>
      </class>
      <line num="41" type="method" name="__construct" visibility="public" complexity="1" crap="1" count="4"/>
      <line num="47" type="stmt" count="4"/>
      <line num="48" type="stmt" count="4"/>
      <line num="49" type="stmt" count="4"/>
      <line num="50" type="stmt" count="4"/>
      <line num="51" type="stmt" count="4"/>
      <line num="53" type="method" name="supports" visibility="public" complexity="2" crap="2" count="4"/>
      <line num="55" type="stmt" count="4"/>
      <line num="56" type="stmt" count="4"/>
      <line num="59" type="method" name="getCredentials" visibility="public" complexity="1" crap="1" count="2"/>
      <line num="62" type="stmt" count="2"/>
      <line num="63" type="stmt" count="2"/>
      <line num="64" type="stmt" count="2"/>
      <line num="66" type="stmt" count="2"/>
      <line num="67" type="stmt" count="2"/>
      <line num="68" type="stmt" count="2"/>
      <line num="71" type="stmt" count="2"/>
      <line num="74" type="method" name="getUser" visibility="public" complexity="3" crap="3.14" count="2"/>
      <line num="76" type="stmt" count="2"/>
      <line num="77" type="stmt" count="2"/>
      <line num="78" type="stmt" count="0"/>
      <line num="81" type="stmt" count="2"/>
      <line num="82" type="stmt" count="2"/>
      <line num="85" type="stmt" count="2"/>
      <line num="86" type="stmt" count="0"/>
      <line num="89" type="stmt" count="2"/>
      <line num="92" type="method" name="checkCredentials" visibility="public" complexity="1" crap="1" count="2"/>
      <line num="94" type="stmt" count="2"/>
      <line num="100" type="method" name="getPassword" visibility="public" complexity="1" crap="1" count="2"/>
      <line num="102" type="stmt" count="2"/>
      <line num="105" type="method" name="onAuthenticationSuccess" visibility="public" complexity="1" crap="1" count="2"/>
      <line num="107" type="stmt" count="2"/>
      <line num="110" type="method" name="getLoginUrl" visibility="protected" complexity="1" crap="2" count="0"/>
      <line num="112" type="stmt" count="0"/>
      <metrics loc="114" ncloc="107" classes="1" methods="8" coveredmethods="6" conditionals="0" coveredconditionals="0" statements="26" coveredstatements="23" elements="34" coveredelements="29"/>
    </file>
    <metrics files="10" loc="668" ncloc="514" classes="10" methods="41" coveredmethods="26" conditionals="0" coveredconditionals="0" statements="130" coveredstatements="77" elements="171" coveredelements="103"/>
  </project>
</coverage>
